2022-01-11 13:35:12,320 CRIT Supervisor is running as root.  Privileges were not dropped because no user is specified in the config file.  If you intend to run as root, you can set user=root in the config file to avoid this message.
2022-01-11 13:35:12,323 INFO Included extra file "/opt/docker/etc/supervisor.d/apache.conf" during parsing
2022-01-11 13:35:12,325 INFO Included extra file "/opt/docker/etc/supervisor.d/blackfire-agent.conf" during parsing
2022-01-11 13:35:12,327 INFO Included extra file "/opt/docker/etc/supervisor.d/cron.conf" during parsing
2022-01-11 13:35:12,329 INFO Included extra file "/opt/docker/etc/supervisor.d/dnsmasq.conf" during parsing
2022-01-11 13:35:12,331 INFO Included extra file "/opt/docker/etc/supervisor.d/php-fpm.conf" during parsing
2022-01-11 13:35:12,332 INFO Included extra file "/opt/docker/etc/supervisor.d/postfix.conf" during parsing
2022-01-11 13:35:12,333 INFO Included extra file "/opt/docker/etc/supervisor.d/ssh.conf" during parsing
2022-01-11 13:35:12,334 INFO Included extra file "/opt/docker/etc/supervisor.d/syslog.conf" during parsing
2022-01-11 13:35:12,362 INFO RPC interface 'supervisor' initialized
2022-01-11 13:35:12,370 INFO supervisord started with pid 80
2022-01-11 13:35:13,375 INFO spawned: 'syslogd' with pid 83
2022-01-11 13:35:13,379 INFO spawned: 'php-fpmd' with pid 84
2022-01-11 13:35:13,383 INFO spawned: 'apached' with pid 85
2022-01-11 13:35:13,392 INFO spawned: 'crond' with pid 86
2022-01-11 13:35:13,396 INFO spawned: 'postfixd' with pid 87
2022-01-11 13:35:13,400 INFO spawned: 'sshd' with pid 88
2022-01-11 13:35:13,412 INFO success: php-fpmd entered RUNNING state, process has stayed up for > than 0 seconds (startsecs)
2022-01-11 13:35:13,414 INFO success: apached entered RUNNING state, process has stayed up for > than 0 seconds (startsecs)
2022-01-11 13:35:13,416 INFO success: crond entered RUNNING state, process has stayed up for > than 0 seconds (startsecs)
2022-01-11 13:35:13,419 INFO success: postfixd entered RUNNING state, process has stayed up for > than 0 seconds (startsecs)
2022-01-11 13:35:13,424 INFO success: sshd entered RUNNING state, process has stayed up for > than 0 seconds (startsecs)
2022-01-11 13:35:15,230 INFO success: syslogd entered RUNNING state, process has stayed up for > than 1 seconds (startsecs)
2022-01-12 09:40:18,543 CRIT Supervisor is running as root.  Privileges were not dropped because no user is specified in the config file.  If you intend to run as root, you can set user=root in the config file to avoid this message.
2022-01-12 09:40:18,545 INFO Included extra file "/opt/docker/etc/supervisor.d/apache.conf" during parsing
2022-01-12 09:40:18,545 INFO Included extra file "/opt/docker/etc/supervisor.d/blackfire-agent.conf" during parsing
2022-01-12 09:40:18,546 INFO Included extra file "/opt/docker/etc/supervisor.d/cron.conf" during parsing
2022-01-12 09:40:18,546 INFO Included extra file "/opt/docker/etc/supervisor.d/dnsmasq.conf" during parsing
2022-01-12 09:40:18,546 INFO Included extra file "/opt/docker/etc/supervisor.d/php-fpm.conf" during parsing
2022-01-12 09:40:18,547 INFO Included extra file "/opt/docker/etc/supervisor.d/postfix.conf" during parsing
2022-01-12 09:40:18,547 INFO Included extra file "/opt/docker/etc/supervisor.d/ssh.conf" during parsing
2022-01-12 09:40:18,547 INFO Included extra file "/opt/docker/etc/supervisor.d/syslog.conf" during parsing
2022-01-12 09:40:18,554 INFO RPC interface 'supervisor' initialized
2022-01-12 09:40:18,558 INFO supervisord started with pid 78
2022-01-12 09:40:19,561 INFO spawned: 'syslogd' with pid 81
2022-01-12 09:40:19,563 INFO spawned: 'php-fpmd' with pid 82
2022-01-12 09:40:19,566 INFO spawned: 'apached' with pid 83
2022-01-12 09:40:19,570 INFO spawned: 'crond' with pid 84
2022-01-12 09:40:19,573 INFO spawned: 'postfixd' with pid 85
2022-01-12 09:40:19,586 INFO spawned: 'sshd' with pid 106
2022-01-12 09:40:19,596 INFO success: php-fpmd entered RUNNING state, process has stayed up for > than 0 seconds (startsecs)
2022-01-12 09:40:19,599 INFO success: apached entered RUNNING state, process has stayed up for > than 0 seconds (startsecs)
2022-01-12 09:40:19,601 INFO success: crond entered RUNNING state, process has stayed up for > than 0 seconds (startsecs)
2022-01-12 09:40:19,601 INFO success: postfixd entered RUNNING state, process has stayed up for > than 0 seconds (startsecs)
2022-01-12 09:40:19,602 INFO success: sshd entered RUNNING state, process has stayed up for > than 0 seconds (startsecs)
2022-01-12 09:40:20,672 INFO success: syslogd entered RUNNING state, process has stayed up for > than 1 seconds (startsecs)
2022-01-17 13:54:09,378 CRIT Supervisor is running as root.  Privileges were not dropped because no user is specified in the config file.  If you intend to run as root, you can set user=root in the config file to avoid this message.
2022-01-17 13:54:09,380 INFO Included extra file "/opt/docker/etc/supervisor.d/apache.conf" during parsing
2022-01-17 13:54:09,380 INFO Included extra file "/opt/docker/etc/supervisor.d/blackfire-agent.conf" during parsing
2022-01-17 13:54:09,381 INFO Included extra file "/opt/docker/etc/supervisor.d/cron.conf" during parsing
2022-01-17 13:54:09,382 INFO Included extra file "/opt/docker/etc/supervisor.d/dnsmasq.conf" during parsing
2022-01-17 13:54:09,383 INFO Included extra file "/opt/docker/etc/supervisor.d/php-fpm.conf" during parsing
2022-01-17 13:54:09,383 INFO Included extra file "/opt/docker/etc/supervisor.d/postfix.conf" during parsing
2022-01-17 13:54:09,384 INFO Included extra file "/opt/docker/etc/supervisor.d/ssh.conf" during parsing
2022-01-17 13:54:09,385 INFO Included extra file "/opt/docker/etc/supervisor.d/syslog.conf" during parsing
2022-01-17 13:54:09,719 INFO RPC interface 'supervisor' initialized
2022-01-17 13:54:09,729 INFO supervisord started with pid 81
2022-01-17 13:54:10,736 INFO spawned: 'syslogd' with pid 84
2022-01-17 13:54:10,740 INFO spawned: 'php-fpmd' with pid 85
2022-01-17 13:54:10,749 INFO spawned: 'apached' with pid 86
2022-01-17 13:54:10,757 INFO spawned: 'crond' with pid 87
2022-01-17 13:54:10,765 INFO spawned: 'postfixd' with pid 88
2022-01-17 13:54:10,772 INFO spawned: 'sshd' with pid 89
2022-01-17 13:54:10,789 INFO success: php-fpmd entered RUNNING state, process has stayed up for > than 0 seconds (startsecs)
2022-01-17 13:54:10,792 INFO success: apached entered RUNNING state, process has stayed up for > than 0 seconds (startsecs)
2022-01-17 13:54:10,793 INFO success: crond entered RUNNING state, process has stayed up for > than 0 seconds (startsecs)
2022-01-17 13:54:10,795 INFO success: postfixd entered RUNNING state, process has stayed up for > than 0 seconds (startsecs)
2022-01-17 13:54:10,803 INFO success: sshd entered RUNNING state, process has stayed up for > than 0 seconds (startsecs)
2022-01-17 13:54:12,636 INFO success: syslogd entered RUNNING state, process has stayed up for > than 1 seconds (startsecs)
